<?xml version="1.0" encoding="UTF-8"?>
<testsuite xmlns:xsi="http://www.w3.org/2001/XMLSchema-instance" xsi:noNamespaceSchemaLocation="https://maven.apache.org/surefire/maven-surefire-plugin/xsd/surefire-test-report-3.0.xsd" version="3.0" name="hellocucumber.RunCucumberTest" time="0.193" tests="19" errors="0" skipped="0" failures="0">
  <properties>
[...]
</properties>
  <testcase name="Example #1" classname="Examples" time="0.05">
    <system-out><![CDATA[
Scenario Outline: Add two numbers -2 & 3 &amp#27;[90m# hellocucumber/calculator_addition.feature:23&amp#27;[0m
  &amp#27;[32mGiven &amp#27;[0m&amp#27;[32mI have a calculator&amp#27;[0m              &amp#27;[90m# hellocucumber.CalculatorAdditionStepDefinitions.i_have_a_calculator()&amp#27;[0m
  &amp#27;[32mWhen &amp#27;[0m&amp#27;[32mI add &amp#27;[0m&amp#27;[32m&amp#27;[1m-2&amp#27;[0m&amp#27;[32m and &amp#27;[0m&amp#27;[32m&amp#27;[1m3&amp#27;[0m                    &amp#27;[90m# hellocucumber.CalculatorAdditionStepDefinitions.i_add(java.lang.Integer,java.lang.Integer)&amp#27;[0m
  &amp#27;[32mThen &amp#27;[0m&amp#27;[32mthe result should be &amp#27;[0m&amp#27;[32m&amp#27;[1m1&amp#27;[0m            &amp#27;[90m# hellocucumber.CalculatorAdditionStepDefinitions.the_result_should_be(int)&amp#27;[0m
]]></system-out>
  </testcase>
  <testcase name="Example #1" classname="Examples" time="0.003">
    <system-out><![CDATA[
Scenario Outline: Subtract two numbers -2 & 3 &amp#27;[90m# hellocucumber/calculator_addition.feature:35&amp#27;[0m
  &amp#27;[32mGiven &amp#27;[0m&amp#27;[32mI have a calculator&amp#27;[0m                   &amp#27;[90m# hellocucumber.CalculatorAdditionStepDefinitions.i_have_a_calculator()&amp#27;[0m
  &amp#27;[32mWhen &amp#27;[0m&amp#27;[32mI subtract &amp#27;[0m&amp#27;[32m&amp#27;[1m3&amp#27;[0m&amp#27;[32m from &amp#27;[0m&amp#27;[32m&amp#27;[1m-2&amp#27;[0m                   &amp#27;[90m# hellocucumber.CalculatorAdditionStepDefinitions.i_subtract(java.lang.Integer,java.lang.Integer)&amp#27;[0m
  &amp#27;[32mThen &amp#27;[0m&amp#27;[32mthe result should be &amp#27;[0m&amp#27;[32m&amp#27;[1m-5&amp#27;[0m                &amp#27;[90m# hellocucumber.CalculatorAdditionStepDefinitions.the_result_should_be(int)&amp#27;[0m
]]></system-out>
  </testcase>
  <testcase name="Example #1" classname="Examples" time="0.003">
    <system-out><![CDATA[
Scenario Outline: Multiply two numbers -2 & 3 &amp#27;[90m# hellocucumber/calculator_addition.feature:47&amp#27;[0m
  &amp#27;[32mGiven &amp#27;[0m&amp#27;[32mI have a calculator&amp#27;[0m                   &amp#27;[90m# hellocucumber.CalculatorAdditionStepDefinitions.i_have_a_calculator()&amp#27;[0m
  &amp#27;[32mWhen &amp#27;[0m&amp#27;[32mI multiply &amp#27;[0m&amp#27;[32m&amp#27;[1m-2&amp#27;[0m&amp#27;[32m and &amp#27;[0m&amp#27;[32m&amp#27;[1m3&amp#27;[0m                    &amp#27;[90m# hellocucumber.CalculatorAdditionStepDefinitions.i_multiply(java.lang.Integer,java.lang.Integer)&amp#27;[0m
  &amp#27;[32mThen &amp#27;[0m&amp#27;[32mthe result should be &amp#27;[0m&amp#27;[32m&amp#27;[1m-6&amp#27;[0m                &amp#27;[90m# hellocucumber.CalculatorAdditionStepDefinitions.the_result_should_be(int)&amp#27;[0m
]]></system-out>
  </testcase>
  <testcase name="Example #1" classname="Examples" time="0.002">
    <system-out><![CDATA[
Scenario Outline: Divide two numbers 1 & 1 &amp#27;[90m# hellocucumber/calculator_addition.feature:59&amp#27;[0m
  &amp#27;[32mGiven &amp#27;[0m&amp#27;[32mI have a calculator&amp#27;[0m                &amp#27;[90m# hellocucumber.CalculatorAdditionStepDefinitions.i_have_a_calculator()&amp#27;[0m
  &amp#27;[32mWhen &amp#27;[0m&amp#27;[32mI divide &amp#27;[0m&amp#27;[32m&amp#27;[1m1&amp#27;[0m&amp#27;[32m by &amp#27;[0m&amp#27;[32m&amp#27;[1m1&amp#27;[0m                     &amp#27;[90m# hellocucumber.CalculatorAdditionStepDefinitions.i_divide(int,int)&amp#27;[0m
  &amp#27;[32mThen &amp#27;[0m&amp#27;[32mthe result should be &amp#27;[0m&amp#27;[32m&amp#27;[1m1&amp#27;[0m              &amp#27;[90m# hellocucumber.CalculatorAdditionStepDefinitions.the_result_should_be(int)&amp#27;[0m
]]></system-out>
  </testcase>
  <testcase name="Example #1" classname="Examples" time="0.004">
    <system-out><![CDATA[
Scenario Outline: Today is or is not Friday &amp#27;[90m# hellocucumber/is_it_friday_yet.feature:21&amp#27;[0m
  &amp#27;[32mGiven &amp#27;[0m&amp#27;[32mtoday is &amp#27;[0m&amp#27;[32m&amp#27;[1m"Friday"&amp#27;[0m                   &amp#27;[90m# hellocucumber.StepDefinitions.today_is_friday(java.lang.String)&amp#27;[0m
  &amp#27;[32mWhen &amp#27;[0m&amp#27;[32mI ask whether it's Friday yet&amp#27;[0m        &amp#27;[90m# hellocucumber.StepDefinitions.i_ask_whether_it_is_friday_yet()&amp#27;[0m
  &amp#27;[32mThen &amp#27;[0m&amp#27;[32mI should be told &amp#27;[0m&amp#27;[32m&amp#27;[1m"TGIF"&amp#27;[0m              &amp#27;[90m# hellocucumber.StepDefinitions.i_should_be_told(java.lang.String)&amp#27;[0m
]]></system-out>
  </testcase>
  <testcase name="Example #2" classname="Examples" time="0.004">
    <system-out><![CDATA[
Scenario Outline: Add two numbers 10 & 15 &amp#27;[90m# hellocucumber/calculator_addition.feature:24&amp#27;[0m
  &amp#27;[32mGiven &amp#27;[0m&amp#27;[32mI have a calculator&amp#27;[0m               &amp#27;[90m# hellocucumber.CalculatorAdditionStepDefinitions.i_have_a_calculator()&amp#27;[0m
  &amp#27;[32mWhen &amp#27;[0m&amp#27;[32mI add &amp#27;[0m&amp#27;[32m&amp#27;[1m10&amp#27;[0m&amp#27;[32m and &amp#27;[0m&amp#27;[32m&amp#27;[1m15&amp#27;[0m                    &amp#27;[90m# hellocucumber.CalculatorAdditionStepDefinitions.i_add(java.lang.Integer,java.lang.Integer)&amp#27;[0m
  &amp#27;[32mThen &amp#27;[0m&amp#27;[32mthe result should be &amp#27;[0m&amp#27;[32m&amp#27;[1m25&amp#27;[0m            &amp#27;[90m# hellocucumber.CalculatorAdditionStepDefinitions.the_result_should_be(int)&amp#27;[0m
]]></system-out>
  </testcase>
  <testcase name="Example #2" classname="Examples" time="0.003">
    <system-out><![CDATA[
Scenario Outline: Subtract two numbers 10 & 15 &amp#27;[90m# hellocucumber/calculator_addition.feature:36&amp#27;[0m
  &amp#27;[32mGiven &amp#27;[0m&amp#27;[32mI have a calculator&amp#27;[0m                    &amp#27;[90m# hellocucumber.CalculatorAdditionStepDefinitions.i_have_a_calculator()&amp#27;[0m
  &amp#27;[32mWhen &amp#27;[0m&amp#27;[32mI subtract &amp#27;[0m&amp#27;[32m&amp#27;[1m15&amp#27;[0m&amp#27;[32m from &amp#27;[0m&amp#27;[32m&amp#27;[1m10&amp#27;[0m                   &amp#27;[90m# hellocucumber.CalculatorAdditionStepDefinitions.i_subtract(java.lang.Integer,java.lang.Integer)&amp#27;[0m
  &amp#27;[32mThen &amp#27;[0m&amp#27;[32mthe result should be &amp#27;[0m&amp#27;[32m&amp#27;[1m-5&amp#27;[0m                 &amp#27;[90m# hellocucumber.CalculatorAdditionStepDefinitions.the_result_should_be(int)&amp#27;[0m
]]></system-out>
  </testcase>
  <testcase name="Example #2" classname="Examples" time="0.003">
    <system-out><![CDATA[
Scenario Outline: Multiply two numbers 10 & 15 &amp#27;[90m# hellocucumber/calculator_addition.feature:48&amp#27;[0m
  &amp#27;[32mGiven &amp#27;[0m&amp#27;[32mI have a calculator&amp#27;[0m                    &amp#27;[90m# hellocucumber.CalculatorAdditionStepDefinitions.i_have_a_calculator()&amp#27;[0m
  &amp#27;[32mWhen &amp#27;[0m&amp#27;[32mI multiply &amp#27;[0m&amp#27;[32m&amp#27;[1m10&amp#27;[0m&amp#27;[32m and &amp#27;[0m&amp#27;[32m&amp#27;[1m15&amp#27;[0m                    &amp#27;[90m# hellocucumber.CalculatorAdditionStepDefinitions.i_multiply(java.lang.Integer,java.lang.Integer)&amp#27;[0m
  &amp#27;[32mThen &amp#27;[0m&amp#27;[32mthe result should be &amp#27;[0m&amp#27;[32m&amp#27;[1m150&amp#27;[0m                &amp#27;[90m# hellocucumber.CalculatorAdditionStepDefinitions.the_result_should_be(int)&amp#27;[0m
]]></system-out>
  </testcase>
  <testcase name="Example #2" classname="Examples" time="0.003">
    <system-out><![CDATA[
Scenario Outline: Divide two numbers 15 & 3 &amp#27;[90m# hellocucumber/calculator_addition.feature:60&amp#27;[0m
  &amp#27;[32mGiven &amp#27;[0m&amp#27;[32mI have a calculator&amp#27;[0m                 &amp#27;[90m# hellocucumber.CalculatorAdditionStepDefinitions.i_have_a_calculator()&amp#27;[0m
  &amp#27;[32mWhen &amp#27;[0m&amp#27;[32mI divide &amp#27;[0m&amp#27;[32m&amp#27;[1m15&amp#27;[0m&amp#27;[32m by &amp#27;[0m&amp#27;[32m&amp#27;[1m3&amp#27;[0m                     &amp#27;[90m# hellocucumber.CalculatorAdditionStepDefinitions.i_divide(int,int)&amp#27;[0m
  &amp#27;[32mThen &amp#27;[0m&amp#27;[32mthe result should be &amp#27;[0m&amp#27;[32m&amp#27;[1m5&amp#27;[0m               &amp#27;[90m# hellocucumber.CalculatorAdditionStepDefinitions.the_result_should_be(int)&amp#27;[0m
]]></system-out>
  </testcase>
  <testcase name="Example #2" classname="Examples" time="0.003">
    <system-out><![CDATA[
Scenario Outline: Today is or is not Friday &amp#27;[90m# hellocucumber/is_it_friday_yet.feature:22&amp#27;[0m
  &amp#27;[32mGiven &amp#27;[0m&amp#27;[32mtoday is &amp#27;[0m&amp#27;[32m&amp#27;[1m"Sunday"&amp#27;[0m                   &amp#27;[90m# hellocucumber.StepDefinitions.today_is_friday(java.lang.String)&amp#27;[0m
  &amp#27;[32mWhen &amp#27;[0m&amp#27;[32mI ask whether it's Friday yet&amp#27;[0m        &amp#27;[90m# hellocucumber.StepDefinitions.i_ask_whether_it_is_friday_yet()&amp#27;[0m
  &amp#27;[32mThen &amp#27;[0m&amp#27;[32mI should be told &amp#27;[0m&amp#27;[32m&amp#27;[1m"Nope"&amp#27;[0m              &amp#27;[90m# hellocucumber.StepDefinitions.i_should_be_told(java.lang.String)&amp#27;[0m
]]></system-out>
  </testcase>
  <testcase name="Example #3" classname="Examples" time="0.003">
    <system-out><![CDATA[
Scenario Outline: Add two numbers 99 & -99 &amp#27;[90m# hellocucumber/calculator_addition.feature:25&amp#27;[0m
  &amp#27;[32mGiven &amp#27;[0m&amp#27;[32mI have a calculator&amp#27;[0m                &amp#27;[90m# hellocucumber.CalculatorAdditionStepDefinitions.i_have_a_calculator()&amp#27;[0m
  &amp#27;[32mWhen &amp#27;[0m&amp#27;[32mI add &amp#27;[0m&amp#27;[32m&amp#27;[1m99&amp#27;[0m&amp#27;[32m and &amp#27;[0m&amp#27;[32m&amp#27;[1m-99&amp#27;[0m                    &amp#27;[90m# hellocucumber.CalculatorAdditionStepDefinitions.i_add(java.lang.Integer,java.lang.Integer)&amp#27;[0m
  &amp#27;[32mThen &amp#27;[0m&amp#27;[32mthe result should be &amp#27;[0m&amp#27;[32m&amp#27;[1m0&amp#27;[0m              &amp#27;[90m# hellocucumber.CalculatorAdditionStepDefinitions.the_result_should_be(int)&amp#27;[0m
]]></system-out>
  </testcase>
  <testcase name="Example #3" classname="Examples" time="0.003">
    <system-out><![CDATA[
Scenario Outline: Subtract two numbers 99 & -99 &amp#27;[90m# hellocucumber/calculator_addition.feature:37&amp#27;[0m
  &amp#27;[32mGiven &amp#27;[0m&amp#27;[32mI have a calculator&amp#27;[0m                     &amp#27;[90m# hellocucumber.CalculatorAdditionStepDefinitions.i_have_a_calculator()&amp#27;[0m
  &amp#27;[32mWhen &amp#27;[0m&amp#27;[32mI subtract &amp#27;[0m&amp#27;[32m&amp#27;[1m-99&amp#27;[0m&amp#27;[32m from &amp#27;[0m&amp#27;[32m&amp#27;[1m99&amp#27;[0m                   &amp#27;[90m# hellocucumber.CalculatorAdditionStepDefinitions.i_subtract(java.lang.Integer,java.lang.Integer)&amp#27;[0m
  &amp#27;[32mThen &amp#27;[0m&amp#27;[32mthe result should be &amp#27;[0m&amp#27;[32m&amp#27;[1m198&amp#27;[0m                 &amp#27;[90m# hellocucumber.CalculatorAdditionStepDefinitions.the_result_should_be(int)&amp#27;[0m
]]></system-out>
  </testcase>
  <testcase name="Example #3" classname="Examples" time="0.004">
    <system-out><![CDATA[
Scenario Outline: Multiply two numbers 99 & -99 &amp#27;[90m# hellocucumber/calculator_addition.feature:49&amp#27;[0m
  &amp#27;[32mGiven &amp#27;[0m&amp#27;[32mI have a calculator&amp#27;[0m                     &amp#27;[90m# hellocucumber.CalculatorAdditionStepDefinitions.i_have_a_calculator()&amp#27;[0m
  &amp#27;[32mWhen &amp#27;[0m&amp#27;[32mI multiply &amp#27;[0m&amp#27;[32m&amp#27;[1m99&amp#27;[0m&amp#27;[32m and &amp#27;[0m&amp#27;[32m&amp#27;[1m-99&amp#27;[0m                    &amp#27;[90m# hellocucumber.CalculatorAdditionStepDefinitions.i_multiply(java.lang.Integer,java.lang.Integer)&amp#27;[0m
  &amp#27;[32mThen &amp#27;[0m&amp#27;[32mthe result should be &amp#27;[0m&amp#27;[32m&amp#27;[1m-9801&amp#27;[0m               &amp#27;[90m# hellocucumber.CalculatorAdditionStepDefinitions.the_result_should_be(int)&amp#27;[0m
]]></system-out>
  </testcase>
  <testcase name="Example #3" classname="Examples" time="0.002">
    <system-out><![CDATA[
Scenario Outline: Divide two numbers 99 & -99 &amp#27;[90m# hellocucumber/calculator_addition.feature:61&amp#27;[0m
  &amp#27;[32mGiven &amp#27;[0m&amp#27;[32mI have a calculator&amp#27;[0m                   &amp#27;[90m# hellocucumber.CalculatorAdditionStepDefinitions.i_have_a_calculator()&amp#27;[0m
  &amp#27;[32mWhen &amp#27;[0m&amp#27;[32mI divide &amp#27;[0m&amp#27;[32m&amp#27;[1m99&amp#27;[0m&amp#27;[32m by &amp#27;[0m&amp#27;[32m&amp#27;[1m-99&amp#27;[0m                     &amp#27;[90m# hellocucumber.CalculatorAdditionStepDefinitions.i_divide(int,int)&amp#27;[0m
  &amp#27;[32mThen &amp#27;[0m&amp#27;[32mthe result should be &amp#27;[0m&amp#27;[32m&amp#27;[1m-1&amp#27;[0m                &amp#27;[90m# hellocucumber.CalculatorAdditionStepDefinitions.the_result_should_be(int)&amp#27;[0m
]]></system-out>
  </testcase>
  <testcase name="Example #3" classname="Examples" time="0.003">
    <system-out><![CDATA[
Scenario Outline: Today is or is not Friday &amp#27;[90m# hellocucumber/is_it_friday_yet.feature:23&amp#27;[0m
  &amp#27;[32mGiven &amp#27;[0m&amp#27;[32mtoday is &amp#27;[0m&amp#27;[32m&amp#27;[1m"anything else"&amp#27;[0m            &amp#27;[90m# hellocucumber.StepDefinitions.today_is_friday(java.lang.String)&amp#27;[0m
  &amp#27;[32mWhen &amp#27;[0m&amp#27;[32mI ask whether it's Friday yet&amp#27;[0m        &amp#27;[90m# hellocucumber.StepDefinitions.i_ask_whether_it_is_friday_yet()&amp#27;[0m
  &amp#27;[32mThen &amp#27;[0m&amp#27;[32mI should be told &amp#27;[0m&amp#27;[32m&amp#27;[1m"Nope"&amp#27;[0m              &amp#27;[90m# hellocucumber.StepDefinitions.i_should_be_told(java.lang.String)&amp#27;[0m
]]></system-out>
  </testcase>
  <testcase name="Example #4" classname="Examples" time="0.003">
    <system-out><![CDATA[
Scenario Outline: Add two numbers -1 & -10 &amp#27;[90m# hellocucumber/calculator_addition.feature:26&amp#27;[0m
  &amp#27;[32mGiven &amp#27;[0m&amp#27;[32mI have a calculator&amp#27;[0m                &amp#27;[90m# hellocucumber.CalculatorAdditionStepDefinitions.i_have_a_calculator()&amp#27;[0m
  &amp#27;[32mWhen &amp#27;[0m&amp#27;[32mI add &amp#27;[0m&amp#27;[32m&amp#27;[1m-1&amp#27;[0m&amp#27;[32m and &amp#27;[0m&amp#27;[32m&amp#27;[1m-10&amp#27;[0m                    &amp#27;[90m# hellocucumber.CalculatorAdditionStepDefinitions.i_add(java.lang.Integer,java.lang.Integer)&amp#27;[0m
  &amp#27;[32mThen &amp#27;[0m&amp#27;[32mthe result should be &amp#27;[0m&amp#27;[32m&amp#27;[1m-11&amp#27;[0m            &amp#27;[90m# hellocucumber.CalculatorAdditionStepDefinitions.the_result_should_be(int)&amp#27;[0m
]]></system-out>
  </testcase>
  <testcase name="Example #4" classname="Examples" time="0.003">
    <system-out><![CDATA[
Scenario Outline: Subtract two numbers -1 & -10 &amp#27;[90m# hellocucumber/calculator_addition.feature:38&amp#27;[0m
  &amp#27;[32mGiven &amp#27;[0m&amp#27;[32mI have a calculator&amp#27;[0m                     &amp#27;[90m# hellocucumber.CalculatorAdditionStepDefinitions.i_have_a_calculator()&amp#27;[0m
  &amp#27;[32mWhen &amp#27;[0m&amp#27;[32mI subtract &amp#27;[0m&amp#27;[32m&amp#27;[1m-10&amp#27;[0m&amp#27;[32m from &amp#27;[0m&amp#27;[32m&amp#27;[1m-1&amp#27;[0m                   &amp#27;[90m# hellocucumber.CalculatorAdditionStepDefinitions.i_subtract(java.lang.Integer,java.lang.Integer)&amp#27;[0m
  &amp#27;[32mThen &amp#27;[0m&amp#27;[32mthe result should be &amp#27;[0m&amp#27;[32m&amp#27;[1m9&amp#27;[0m                   &amp#27;[90m# hellocucumber.CalculatorAdditionStepDefinitions.the_result_should_be(int)&amp#27;[0m
]]></system-out>
  </testcase>
  <testcase name="Example #4" classname="Examples" time="0.003">
    <system-out><![CDATA[
Scenario Outline: Multiply two numbers -1 & -10 &amp#27;[90m# hellocucumber/calculator_addition.feature:50&amp#27;[0m
  &amp#27;[32mGiven &amp#27;[0m&amp#27;[32mI have a calculator&amp#27;[0m                     &amp#27;[90m# hellocucumber.CalculatorAdditionStepDefinitions.i_have_a_calculator()&amp#27;[0m
  &amp#27;[32mWhen &amp#27;[0m&amp#27;[32mI multiply &amp#27;[0m&amp#27;[32m&amp#27;[1m-1&amp#27;[0m&amp#27;[32m and &amp#27;[0m&amp#27;[32m&amp#27;[1m-10&amp#27;[0m                    &amp#27;[90m# hellocucumber.CalculatorAdditionStepDefinitions.i_multiply(java.lang.Integer,java.lang.Integer)&amp#27;[0m
  &amp#27;[32mThen &amp#27;[0m&amp#27;[32mthe result should be &amp#27;[0m&amp#27;[32m&amp#27;[1m10&amp#27;[0m                  &amp#27;[90m# hellocucumber.CalculatorAdditionStepDefinitions.the_result_should_be(int)&amp#27;[0m
]]></system-out>
  </testcase>
  <testcase name="Example #4" classname="Examples" time="0.005">
    <system-out><![CDATA[
Scenario Outline: Divide two numbers 2500 & 2 &amp#27;[90m# hellocucumber/calculator_addition.feature:62&amp#27;[0m
  &amp#27;[32mGiven &amp#27;[0m&amp#27;[32mI have a calculator&amp#27;[0m                   &amp#27;[90m# hellocucumber.CalculatorAdditionStepDefinitions.i_have_a_calculator()&amp#27;[0m
  &amp#27;[32mWhen &amp#27;[0m&amp#27;[32mI divide &amp#27;[0m&amp#27;[32m&amp#27;[1m2500&amp#27;[0m&amp#27;[32m by &amp#27;[0m&amp#27;[32m&amp#27;[1m2&amp#27;[0m                     &amp#27;[90m# hellocucumber.CalculatorAdditionStepDefinitions.i_divide(int,int)&amp#27;[0m
  &amp#27;[32mThen &amp#27;[0m&amp#27;[32mthe result should be &amp#27;[0m&amp#27;[32m&amp#27;[1m1250&amp#27;[0m              &amp#27;[90m# hellocucumber.CalculatorAdditionStepDefinitions.the_result_should_be(int)&amp#27;[0m
]]></system-out>
  </testcase>
</testsuite>